d:\cppchillsolution\thisishowichill\thisishowichill\x64\debug\vc143.pdb
d:\cppchillsolution\thisishowichill\thisishowichill\x64\debug\vc143.idb
d:\cppchillsolution\thisishowichill\thisishowichill\x64\debug\main.obj
d:\cppchillsolution\thisishowichill\thisishowichill\x64\debug\window.obj
d:\cppchillsolution\thisishowichill\thisishowichill\x64\debug\vbo.obj
d:\cppchillsolution\thisishowichill\thisishowichill\x64\debug\vao.obj
d:\cppchillsolution\thisishowichill\thisishowichill\x64\debug\shaders.obj
d:\cppchillsolution\thisishowichill\thisishowichill\x64\debug\physics.obj
d:\cppchillsolution\thisishowichill\thisishowichill\x64\debug\circles.obj
d:\cppchillsolution\thisishowichill\thisishowichill\x64\debug\circle.obj
d:\cppchillsolution\thisishowichill\thisishowichill\x64\debug\glad.obj
d:\cppchillsolution\thisishowichill\x64\debug\thisishowichill.exe
d:\cppchillsolution\thisishowichill\x64\debug\thisishowichill.pdb
d:\cppchillsolution\thisishowichill\thisishowichill\x64\debug\thisishowichill.res
d:\cppchillsolution\thisishowichill\thisishowichill\x64\debug\thisishowichill.ilk
d:\cppchillsolution\thisishowichill\thisishowichill\x64\debug\thisishowichill.tlog\cl.command.1.tlog
d:\cppchillsolution\thisishowichill\thisishowichill\x64\debug\thisishowichill.tlog\cl.items.tlog
d:\cppchillsolution\thisishowichill\thisishowichill\x64\debug\thisishowichill.tlog\cl.read.1.tlog
d:\cppchillsolution\thisishowichill\thisishowichill\x64\debug\thisishowichill.tlog\cl.write.1.tlog
d:\cppchillsolution\thisishowichill\thisishowichill\x64\debug\thisishowichill.tlog\link.command.1.tlog
d:\cppchillsolution\thisishowichill\thisishowichill\x64\debug\thisishowichill.tlog\link.read.1.tlog
d:\cppchillsolution\thisishowichill\thisishowichill\x64\debug\thisishowichill.tlog\link.secondary.1.tlog
d:\cppchillsolution\thisishowichill\thisishowichill\x64\debug\thisishowichill.tlog\link.write.1.tlog
d:\cppchillsolution\thisishowichill\thisishowichill\x64\debug\thisishowichill.tlog\rc.command.1.tlog
d:\cppchillsolution\thisishowichill\thisishowichill\x64\debug\thisishowichill.tlog\rc.read.1.tlog
d:\cppchillsolution\thisishowichill\thisishowichill\x64\debug\thisishowichill.tlog\rc.write.1.tlog
