  Circle.cpp
D:\cppchillsolution\thisishowichill\Circle.h(18,14): warning C4091: 'static ': ignored on left of 'Circle::enColors' when no variable is declared
  (compiling source file 'Circle.cpp')
  
  Circles.cpp
D:\cppchillsolution\thisishowichill\Circle.h(18,14): warning C4091: 'static ': ignored on left of 'Circle::enColors' when no variable is declared
  (compiling source file 'Circles.cpp')
  
D:\cppchillsolution\thisishowichill\Circles.cpp(10,15): warning C4244: 'argument': conversion from 'time_t' to 'unsigned int', possible loss of data
D:\cppchillsolution\thisishowichill\Circles.cpp(43,36): warning C4267: 'return': conversion from 'size_t' to 'int', possible loss of data
  Physics.cpp
D:\cppchillsolution\thisishowichill\Circle.h(18,14): warning C4091: 'static ': ignored on left of 'Circle::enColors' when no variable is declared
  (compiling source file 'Physics.cpp')
  
D:\cppchillsolution\thisishowichill\Physics.h(12,18): warning C4091: 'static ': ignored on left of 'Physics::Vec2' when no variable is declared
  (compiling source file 'Physics.cpp')
  
D:\cppchillsolution\thisishowichill\Physics.cpp(8,9): warning C4244: 'initializing': conversion from 'float' to 'int', possible loss of data
D:\cppchillsolution\thisishowichill\Physics.cpp(9,9): warning C4244: 'initializing': conversion from 'float' to 'int', possible loss of data
D:\cppchillsolution\thisishowichill\Physics.cpp(32,93): warning C4267: 'argument': conversion from 'size_t' to 'int', possible loss of data
D:\cppchillsolution\thisishowichill\Physics.cpp(188,45): warning C4244: 'argument': conversion from 'GLuint' to 'float', possible loss of data
D:\cppchillsolution\thisishowichill\Physics.cpp(198,72): warning C4244: 'argument': conversion from 'GLuint' to 'float', possible loss of data
D:\cppchillsolution\thisishowichill\Physics.cpp(214,46): warning C4267: 'argument': conversion from 'size_t' to 'int', possible loss of data
D:\cppchillsolution\thisishowichill\Physics.cpp(214,40): warning C4267: 'argument': conversion from 'size_t' to 'int', possible loss of data
  Shaders.cpp
D:\cppchillsolution\thisishowichill\Circle.h(18,14): warning C4091: 'static ': ignored on left of 'Circle::enColors' when no variable is declared
  (compiling source file 'Shaders.cpp')
  
  VAO.cpp
  VBO.cpp
  Window.cpp
D:\cppchillsolution\thisishowichill\Window.h(11,16): warning C4091: 'static ': ignored on left of 'Window::enScreenMode' when no variable is declared
  (compiling source file 'Window.cpp')
  
D:\cppchillsolution\thisishowichill\Window.h(16,18): warning C4091: 'static ': ignored on left of 'Window::MouseState' when no variable is declared
  (compiling source file 'Window.cpp')
  
  main.cpp
D:\cppchillsolution\thisishowichill\Circle.h(18,14): warning C4091: 'static ': ignored on left of 'Circle::enColors' when no variable is declared
  (compiling source file 'main.cpp')
  
D:\cppchillsolution\thisishowichill\Window.h(11,16): warning C4091: 'static ': ignored on left of 'Window::enScreenMode' when no variable is declared
  (compiling source file 'main.cpp')
  
D:\cppchillsolution\thisishowichill\Window.h(16,18): warning C4091: 'static ': ignored on left of 'Window::MouseState' when no variable is declared
  (compiling source file 'main.cpp')
  
D:\cppchillsolution\thisishowichill\Physics.h(12,18): warning C4091: 'static ': ignored on left of 'Physics::Vec2' when no variable is declared
  (compiling source file 'main.cpp')
  
D:\cppchillsolution\thisishowichill\main.cpp(44,64): warning C4244: 'argument': conversion from 'int' to 'GLfloat', possible loss of data
D:\cppchillsolution\thisishowichill\main.cpp(44,43): warning C4244: 'argument': conversion from 'int' to 'GLfloat', possible loss of data
  Generating Code...
  glad.c
  thisishowichill.vcxproj -> D:\cppchillsolution\thisishowichill\x64\Debug\thisishowichill.exe
